<?xml version="1.0" encoding="UTF-8"?>
<!-- Generated by org.testng.reporters.JUnitXMLReporter -->
<testsuite ignored="0" hostname="Amrieen" failures="0" tests="7" name="Default test" time="75.301" errors="0" timestamp="2022-05-25T10:43:32 IST">
  <testcase classname="com.ticketingSystem.Script.PlayPauseScript" name="test_01" time="1.496"/>
  <testcase classname="com.ticketingSystem.Script.PlayPauseScript" name="test_02" time="1.08"/>
  <testcase classname="com.ticketingSystem.Script.PlayPauseScript" name="test_03" time="1.784"/>
  <testcase classname="com.ticketingSystem.Script.PlayPauseScript" name="test_04" time="1.364"/>
  <testcase classname="com.ticketingSystem.Script.PlayPauseScript" name="test_05" time="1.076"/>
  <testcase classname="com.ticketingSystem.Script.PlayPauseScript" name="test_06" time="2.181"/>
  <testcase classname="com.ticketingSystem.Script.PlayPauseScript" name="test_07" time="1.37"/>
</testsuite> <!-- Default test -->
